<?xml version="1.0" encoding="UTF-8"?>
<!-- Generated by org.testng.reporters.JUnitReportReporter -->
<testsuite skipped="0" hostname="DESKTOP-K830NH4" name="com.julyanajs.testing.AssertionClass" tests="1" failures="0" timestamp="16 nov 2018 23:00:32 GMT" time="0.007" errors="0">
  <testcase name="testSoftAssertVerifyAll" time="0.007" classname="com.julyanajs.testing.AssertionClass"/>
</testsuite> <!-- com.julyanajs.testing.AssertionClass -->
