<?xml version="1.0" encoding="UTF-8"?>
<!-- Generated by org.testng.reporters.JUnitReportReporter -->
<testsuite skipped="0" hostname="DESKTOP-K830NH4" name="com.julyanajs.GenerateReport" tests="2" failures="0" timestamp="16 nov 2018 18:01:29 GMT" time="0.007" errors="0">
  <testcase name="secondTest" time="0.001" classname="com.julyanajs.GenerateReport"/>
  <testcase name="firstTest" time="0.006" classname="com.julyanajs.GenerateReport"/>
</testsuite> <!-- com.julyanajs.GenerateReport -->
