<?xml version="1.0" encoding="UTF-8"?>
<!-- Generated by org.testng.reporters.JUnitReportReporter -->
<testsuite skipped="2" hostname="DESKTOP-K830NH4" name="com.julyanajs.testing.SkipTest" tests="3" failures="0" timestamp="16 nov 2018 19:17:44 GMT" time="0.007" errors="0">
  <testcase name="firstTest" time="0.006" classname="com.julyanajs.testing.SkipTest"/>
  <testcase name="secondtTest" time="0.001" classname="com.julyanajs.testing.SkipTest">
    <skipped/>
  </testcase> <!-- secondtTest -->
  <testcase name="thirdTest" classname="com.julyanajs.testing.SkipTest">
    <skipped/>
  </testcase> <!-- thirdTest -->
</testsuite> <!-- com.julyanajs.testing.SkipTest -->
