<?xml version="1.0" encoding="UTF-8"?>
<!-- Generated by org.testng.reporters.JUnitReportReporter -->
<testsuite skipped="0" hostname="DESKTOP-K830NH4" name="com.julyanajs.AnnotationOrder" tests="1" failures="0" timestamp="16 nov 2018 18:31:22 GMT" time="0.004" errors="0">
  <testcase name="fifhtMethod" time="0.004" classname="com.julyanajs.AnnotationOrder"/>
</testsuite> <!-- com.julyanajs.AnnotationOrder -->
